0 info it worked if it ends with ok
1 verbose cli [ '/usr/bin/nodejs', '/usr/bin/npm', 'run', 'start' ]
2 info using npm@3.9.3
3 info using node@v6.2.1
4 verbose run-script [ 'prestart', 'start', 'poststart' ]
5 info lifecycle react-fundamentals-curriculum@1.0.0~prestart: react-fundamentals-curriculum@1.0.0
6 silly lifecycle react-fundamentals-curriculum@1.0.0~prestart: no script for prestart, continuing
7 info lifecycle react-fundamentals-curriculum@1.0.0~start: react-fundamentals-curriculum@1.0.0
8 verbose lifecycle react-fundamentals-curriculum@1.0.0~start: unsafe-perm in lifecycle true
9 verbose lifecycle react-fundamentals-curriculum@1.0.0~start: PATH: /usr/lib/node_modules/npm/bin/node-gyp-bin:/mnt/c/Users/mitrikyle/Documents/react-fundamentals-curriculum/node_modules/.bin:/usr/bin:/mnt/c/Users:/usr/local/bin:/usr/bin:/bin:/usr/local/games:/usr/games
10 verbose lifecycle react-fundamentals-curriculum@1.0.0~start: CWD: /mnt/c/Users/mitrikyle/Documents/react-fundamentals-curriculum
11 silly lifecycle react-fundamentals-curriculum@1.0.0~start: Args: [ '-c', 'webpack-dev-server' ]
12 silly lifecycle react-fundamentals-curriculum@1.0.0~start: Returned: code: 1  signal: null
13 info lifecycle react-fundamentals-curriculum@1.0.0~start: Failed to exec start script
14 verbose stack Error: react-fundamentals-curriculum@1.0.0 start: `webpack-dev-server`
14 verbose stack Exit status 1
14 verbose stack     at EventEmitter.<anonymous> (/usr/lib/node_modules/npm/lib/utils/lifecycle.js:245:16)
14 verbose stack     at emitTwo (events.js:106:13)
14 verbose stack     at EventEmitter.emit (events.js:191:7)
14 verbose stack     at ChildProcess.<anonymous> (/usr/lib/node_modules/npm/lib/utils/spawn.js:24:14)
14 verbose stack     at emitTwo (events.js:106:13)
14 verbose stack     at ChildProcess.emit (events.js:191:7)
14 verbose stack     at maybeClose (internal/child_process.js:852:16)
14 verbose stack     at Process.ChildProcess._handle.onexit (internal/child_process.js:215:5)
15 verbose pkgid react-fundamentals-curriculum@1.0.0
16 verbose cwd /mnt/c/Users/mitrikyle/Documents/react-fundamentals-curriculum
17 error Linux 3.4.0+
18 error argv "/usr/bin/nodejs" "/usr/bin/npm" "run" "start"
19 error node v6.2.1
20 error npm  v3.9.3
21 error code ELIFECYCLE
22 error react-fundamentals-curriculum@1.0.0 start: `webpack-dev-server`
22 error Exit status 1
23 error Failed at the react-fundamentals-curriculum@1.0.0 start script 'webpack-dev-server'.
23 error Make sure you have the latest version of node.js and npm installed.
23 error If you do, this is most likely a problem with the react-fundamentals-curriculum package,
23 error not with npm itself.
23 error Tell the author that this fails on your system:
23 error     webpack-dev-server
23 error You can get information on how to open an issue for this project with:
23 error     npm bugs react-fundamentals-curriculum
23 error Or if that isn't available, you can get their info via:
23 error     npm owner ls react-fundamentals-curriculum
23 error There is likely additional logging output above.
24 verbose exit [ 1, true ]
